-3.0279159545898438e-05
-1.1682510375976562e-05
-1.0251998901367188e-05
-1.52587890625e-05
-1.1444091796875e-05
-1.0013580322265625e-05
-9.775161743164062e-06
-9.775161743164062e-06
-9.775161743164062e-06
-1.0013580322265625e-05
-9.775161743164062e-06
medium-182.in, room size 1, no solution
medium-182.in, room size 2, no solution
medium-182.in, room size 3, no solution
medium-182.in, room size 4, solution found
medium-182.in, room size 5, solution found
medium-182.in, room size 6, solution found
medium-182.in, room size 7, solution found
medium-182.in, room size 8, solution found
medium-182.in, room size 9, solution found
medium-182.in, room size 10, solution found
medium-182.in, room size 11, solution found
medium-182.in, room size 12, solution found
medium-182.in, room size 13, solution found
medium-182.in, room size 14, solution found
medium-182.in, room size 15, solution found
medium-182.in, room size 16, solution found
medium-182.in, room size 17, solution found
medium-182.in, room size 18, solution found
medium-182.in, room size 19, solution found
medium-182.in, room size 20, solution found
medium-182.in 254.11700000000002
 
-3252.738566637039
medium-150.in, room size 1, no solution
medium-150.in, room size 2, no solution
medium-150.in, room size 3, no solution
medium-150.in, room size 4, solution found
medium-150.in, room size 5, solution found
medium-150.in, room size 6, solution found
medium-150.in, room size 7, solution found
medium-150.in, room size 8, solution found
medium-150.in, room size 9, solution found
medium-150.in, room size 10, solution found
medium-150.in, room size 11, solution found
medium-150.in, room size 12, solution found
medium-150.in, room size 13, solution found
medium-150.in, room size 14, solution found
medium-150.in, room size 15, solution found
medium-150.in, room size 16, solution found
medium-150.in, room size 17, solution found
medium-150.in, room size 18, solution found
medium-150.in, room size 19, solution found
medium-150.in, room size 20, solution found
medium-150.in 2711.129
 
-3250.087108850479
medium-3.in, room size 1, no solution
medium-3.in, room size 2, no solution
medium-3.in, room size 3, no solution
medium-3.in, room size 4, no solution
medium-3.in, room size 5, solution found
medium-3.in, room size 6, solution found
medium-3.in, room size 7, solution found
medium-3.in, room size 8, solution found
medium-3.in, room size 9, solution found
medium-3.in, room size 10, solution found
medium-3.in, room size 11, solution found
medium-3.in, room size 12, solution found
medium-3.in, room size 13, solution found
medium-3.in, room size 14, solution found
medium-3.in, room size 15, solution found
medium-3.in, room size 16, solution found
medium-3.in, room size 17, solution found
medium-3.in, room size 18, solution found
medium-3.in, room size 19, solution found
medium-3.in, room size 20, solution found
medium-3.in 1726.714
 
-2524.985328435898
medium-188.in, room size 1, no solution
medium-188.in, room size 2, no solution
medium-188.in, room size 3, no solution
medium-188.in, room size 4, solution found
medium-188.in, room size 5, solution found
medium-188.in, room size 6, solution found
medium-188.in, room size 7, solution found
medium-188.in, room size 8, solution found
medium-188.in, room size 9, solution found
medium-188.in, room size 10, solution found
medium-188.in, room size 11, solution found
medium-188.in, room size 12, solution found
medium-188.in, room size 13, solution found
medium-188.in, room size 14, solution found
medium-188.in, room size 15, solution found
medium-188.in, room size 16, solution found
medium-188.in, room size 17, solution found
medium-188.in, room size 18, solution found
medium-188.in, room size 19, solution found
medium-188.in, room size 20, solution found
medium-188.in 2113.118
 
-3095.453568458557
medium-189.in, room size 1, no solution
medium-189.in, room size 2, no solution
medium-189.in, room size 3, no solution
medium-189.in, room size 4, no solution
medium-189.in, room size 5, solution found
medium-189.in, room size 6, solution found
medium-189.in, room size 7, solution found
medium-189.in, room size 8, solution found
medium-189.in, room size 9, solution found
medium-189.in, room size 10, solution found
medium-189.in, room size 11, solution found
medium-189.in, room size 12, solution found
medium-189.in, room size 13, solution found
medium-189.in, room size 14, solution found
medium-189.in, room size 15, solution found
medium-189.in, room size 16, solution found
medium-189.in, room size 17, solution found
medium-189.in, room size 18, solution found
medium-189.in, room size 19, solution found
medium-189.in, room size 20, solution found
medium-189.in 1906.687
 
-2875.2895908355713
medium-142.in, room size 1, no solution
medium-142.in, room size 2, no solution
medium-142.in, room size 3, solution found
medium-142.in, room size 4, solution found
medium-142.in, room size 5, solution found
medium-142.in, room size 6, solution found
medium-142.in, room size 7, solution found
medium-142.in, room size 8, solution found
medium-142.in, room size 9, solution found
medium-142.in, room size 10, solution found
medium-142.in, room size 11, solution found
medium-142.in, room size 12, solution found
medium-142.in, room size 13, solution found
medium-142.in, room size 14, solution found
medium-142.in, room size 15, solution found
medium-142.in, room size 16, solution found
medium-142.in, room size 17, solution found
medium-142.in, room size 18, solution found
medium-142.in, room size 19, solution found
medium-142.in, room size 20, solution found
medium-142.in 749.378
 
-3439.0289657115936
medium-8.in, room size 1, no solution
medium-8.in, room size 2, no solution
medium-8.in, room size 3, no solution
medium-8.in, room size 4, no solution
medium-8.in, room size 5, solution found
medium-8.in, room size 6, solution found
medium-8.in, room size 7, solution found
medium-8.in, room size 8, solution found
medium-8.in, room size 9, solution found
medium-8.in, room size 10, solution found
medium-8.in, room size 11, solution found
medium-8.in, room size 12, solution found
medium-8.in, room size 13, solution found
medium-8.in, room size 14, solution found
medium-8.in, room size 15, solution found
medium-8.in, room size 16, solution found
medium-8.in, room size 17, solution found
medium-8.in, room size 18, solution found
medium-8.in, room size 19, solution found
medium-8.in, room size 20, solution found
medium-8.in 2151.4809999999998
 
-3100.183903694153
medium-173.in, room size 1, no solution
medium-173.in, room size 2, no solution
medium-173.in, room size 3, no solution
medium-173.in, room size 4, no solution
medium-173.in, room size 5, solution found
medium-173.in, room size 6, no solution
medium-173.in, room size 7, solution found
medium-173.in, room size 8, solution found
medium-173.in, room size 9, solution found
medium-173.in, room size 10, solution found
medium-173.in, room size 11, solution found
medium-173.in, room size 12, solution found
medium-173.in, room size 13, solution found
medium-173.in, room size 14, solution found
medium-173.in, room size 15, solution found
medium-173.in, room size 16, solution found
medium-173.in, room size 17, solution found
medium-173.in, room size 18, solution found
medium-173.in, room size 19, solution found
medium-173.in, room size 20, solution found
medium-173.in 94.76
 
-2102.7636041641235
medium-192.in, room size 1, no solution
medium-192.in, room size 2, no solution
medium-192.in, room size 3, no solution
medium-192.in, room size 4, no solution
medium-192.in, room size 5, no solution
medium-192.in, room size 6, no solution
medium-192.in, room size 7, solution found
medium-192.in, room size 8, solution found
medium-192.in, room size 9, solution found
medium-192.in, room size 10, solution found
medium-192.in, room size 11, solution found
medium-192.in, room size 12, solution found
medium-192.in, room size 13, solution found
medium-192.in, room size 14, solution found
medium-192.in, room size 15, solution found
medium-192.in, room size 16, solution found
medium-192.in, room size 17, solution found
medium-192.in, room size 18, solution found
medium-192.in, room size 19, solution found
medium-192.in, room size 20, solution found
medium-192.in 1396.787
 
-1645.4970333576202
medium-126.in, room size 1, no solution
medium-126.in, room size 2, no solution
medium-126.in, room size 3, no solution
medium-126.in, room size 4, solution found
medium-126.in, room size 5, solution found
medium-126.in, room size 6, solution found
medium-126.in, room size 7, solution found
medium-126.in, room size 8, solution found
medium-126.in, room size 9, solution found
medium-126.in, room size 10, solution found
medium-126.in, room size 11, solution found
medium-126.in, room size 12, solution found
medium-126.in, room size 13, solution found
medium-126.in, room size 14, solution found
medium-126.in, room size 15, solution found
medium-126.in, room size 16, solution found
medium-126.in, room size 17, solution found
medium-126.in, room size 18, solution found
medium-126.in, room size 19, solution found
medium-126.in, room size 20, solution found
medium-126.in 1923.0
 
-3158.445451974869
medium-133.in, room size 1, no solution
medium-133.in, room size 2, no solution
medium-133.in, room size 3, no solution
medium-133.in, room size 4, solution found
medium-133.in, room size 5, solution found
medium-133.in, room size 6, solution found
medium-133.in, room size 7, solution found
medium-133.in, room size 8, solution found
medium-133.in, room size 9, solution found
medium-133.in, room size 10, solution found
medium-133.in, room size 11, solution found
medium-133.in, room size 12, solution found
medium-133.in, room size 13, solution found
medium-133.in, room size 14, solution found
medium-133.in, room size 15, solution found
medium-133.in, room size 16, solution found
medium-133.in, room size 17, solution found
medium-133.in, room size 18, solution found
medium-133.in, room size 19, solution found
medium-133.in, room size 20, solution found
medium-133.in 748.0
 
-2914.3646280765533
medium-149.in, room size 1, no solution
medium-149.in, room size 2, no solution
medium-149.in, room size 3, no solution
medium-149.in, room size 4, no solution
medium-149.in, room size 5, solution found
medium-149.in, room size 6, solution found
medium-149.in, room size 7, solution found
medium-149.in, room size 8, solution found
medium-149.in, room size 9, solution found
medium-149.in, room size 10, solution found
medium-149.in, room size 11, solution found
medium-149.in, room size 12, solution found
medium-149.in, room size 13, solution found
medium-149.in, room size 14, solution found
medium-149.in, room size 15, solution found
medium-149.in, room size 16, solution found
medium-149.in, room size 17, solution found
medium-149.in, room size 18, solution found
medium-149.in, room size 19, solution found
medium-149.in, room size 20, solution found
medium-149.in 63.147000000000006
 
-3152.914805173874
medium-1.in, room size 1, no solution
medium-1.in, room size 2, no solution
medium-1.in, room size 3, no solution
medium-1.in, room size 4, no solution
medium-1.in, room size 5, solution found
medium-1.in, room size 6, solution found
medium-1.in, room size 7, solution found
medium-1.in, room size 8, solution found
medium-1.in, room size 9, solution found
medium-1.in, room size 10, solution found
medium-1.in, room size 11, solution found
medium-1.in, room size 12, solution found
medium-1.in, room size 13, solution found
medium-1.in, room size 14, solution found
medium-1.in, room size 15, solution found
medium-1.in, room size 16, solution found
medium-1.in, room size 17, solution found
medium-1.in, room size 18, solution found
medium-1.in, room size 19, solution found
medium-1.in, room size 20, solution found
medium-1.in 2068.24
 
-3015.940259218216
medium-106.in, room size 1, no solution
medium-106.in, room size 2, no solution
medium-106.in, room size 3, no solution
medium-106.in, room size 4, no solution
medium-106.in, room size 5, no solution
medium-106.in, room size 6, solution found
medium-106.in, room size 7, solution found
medium-106.in, room size 8, solution found
medium-106.in, room size 9, solution found
medium-106.in, room size 10, solution found
medium-106.in, room size 11, solution found
medium-106.in, room size 12, solution found
medium-106.in, room size 13, solution found
medium-106.in, room size 14, solution found
medium-106.in, room size 15, solution found
medium-106.in, room size 16, solution found
medium-106.in, room size 17, solution found
medium-106.in, room size 18, solution found
medium-106.in, room size 19, solution found
medium-106.in, room size 20, solution found
medium-106.in 1711.51
 
-2752.270523786545
medium-239.in, room size 1, no solution
medium-239.in, room size 2, no solution
medium-239.in, room size 3, solution found
medium-239.in, room size 4, solution found
medium-239.in, room size 5, solution found
medium-239.in, room size 6, solution found
medium-239.in, room size 7, solution found
medium-239.in, room size 8, solution found
medium-239.in, room size 9, solution found
medium-239.in, room size 10, solution found
medium-239.in, room size 11, solution found
medium-239.in, room size 12, solution found
medium-239.in, room size 13, solution found
medium-239.in, room size 14, solution found
medium-239.in, room size 15, solution found
medium-239.in, room size 16, solution found
medium-239.in, room size 17, solution found
medium-239.in, room size 18, solution found
medium-239.in, room size 19, solution found
medium-239.in, room size 20, solution found
medium-239.in 4174.63
 
-3289.006315469742
medium-117.in, room size 1, no solution
medium-117.in, room size 2, no solution
medium-117.in, room size 3, solution found
medium-117.in, room size 4, solution found
medium-117.in, room size 5, solution found
medium-117.in, room size 6, solution found
medium-117.in, room size 7, solution found
medium-117.in, room size 8, solution found
medium-117.in, room size 9, solution found
medium-117.in, room size 10, solution found
medium-117.in, room size 11, solution found
medium-117.in, room size 12, solution found
medium-117.in, room size 13, solution found
medium-117.in, room size 14, solution found
medium-117.in, room size 15, solution found
medium-117.in, room size 16, solution found
medium-117.in, room size 17, solution found
medium-117.in, room size 18, solution found
medium-117.in, room size 19, solution found
medium-117.in, room size 20, solution found
medium-117.in 752.704
 
-3135.272554397583
medium-102.in, room size 1, no solution
medium-102.in, room size 2, no solution
medium-102.in, room size 3, no solution
medium-102.in, room size 4, no solution
medium-102.in, room size 5, no solution
medium-102.in, room size 6, solution found
medium-102.in, room size 7, solution found
medium-102.in, room size 8, solution found
medium-102.in, room size 9, solution found
medium-102.in, room size 10, solution found
medium-102.in, room size 11, solution found
medium-102.in, room size 12, solution found
medium-102.in, room size 13, solution found
medium-102.in, room size 14, solution found
medium-102.in, room size 15, solution found
medium-102.in, room size 16, solution found
medium-102.in, room size 17, solution found
medium-102.in, room size 18, solution found
medium-102.in, room size 19, solution found
medium-102.in, room size 20, solution found
medium-102.in 144.0
 
-1714.9568305015564
medium-83.in, room size 1, no solution
medium-83.in, room size 2, no solution
medium-83.in, room size 3, no solution
medium-83.in, room size 4, solution found
medium-83.in, room size 5, solution found
medium-83.in, room size 6, solution found
medium-83.in, room size 7, solution found
medium-83.in, room size 8, solution found
medium-83.in, room size 9, solution found
medium-83.in, room size 10, solution found
medium-83.in, room size 11, solution found
medium-83.in, room size 12, solution found
medium-83.in, room size 13, solution found
medium-83.in, room size 14, solution found
medium-83.in, room size 15, solution found
medium-83.in, room size 16, solution found
medium-83.in, room size 17, solution found
medium-83.in, room size 18, solution found
medium-83.in, room size 19, solution found
medium-83.in, room size 20, solution found
medium-83.in 154.207
 
-3234.690586090088
medium-49.in, room size 1, no solution
medium-49.in, room size 2, no solution
medium-49.in, room size 3, solution found
medium-49.in, room size 4, solution found
medium-49.in, room size 5, solution found
medium-49.in, room size 6, solution found
medium-49.in, room size 7, solution found
medium-49.in, room size 8, solution found
medium-49.in, room size 9, solution found
medium-49.in, room size 10, solution found
medium-49.in, room size 11, solution found
medium-49.in, room size 12, solution found
medium-49.in, room size 13, solution found
medium-49.in, room size 14, solution found
medium-49.in, room size 15, solution found
medium-49.in, room size 16, solution found
medium-49.in, room size 17, solution found
medium-49.in, room size 18, solution found
medium-49.in, room size 19, solution found
medium-49.in, room size 20, solution found
medium-49.in 69.668
 
-3144.2260332107544
medium-197.in, room size 1, no solution
medium-197.in, room size 2, no solution
medium-197.in, room size 3, no solution
medium-197.in, room size 4, no solution
medium-197.in, room size 5, solution found
medium-197.in, room size 6, solution found
medium-197.in, room size 7, solution found
medium-197.in, room size 8, solution found
medium-197.in, room size 9, solution found
medium-197.in, room size 10, solution found
medium-197.in, room size 11, solution found
medium-197.in, room size 12, solution found
medium-197.in, room size 13, solution found
medium-197.in, room size 14, solution found
medium-197.in, room size 15, solution found
medium-197.in, room size 16, solution found
medium-197.in, room size 17, solution found
medium-197.in, room size 18, solution found
medium-197.in, room size 19, solution found
medium-197.in, room size 20, solution found
medium-197.in 174.997
 
-2843.526309967041
medium-155.in, room size 1, no solution
medium-155.in, room size 2, no solution
medium-155.in, room size 3, no solution
medium-155.in, room size 4, no solution
medium-155.in, room size 5, solution found
medium-155.in, room size 6, solution found
medium-155.in, room size 7, solution found
medium-155.in, room size 8, solution found
medium-155.in, room size 9, solution found
medium-155.in, room size 10, solution found
medium-155.in, room size 11, solution found
medium-155.in, room size 12, solution found
medium-155.in, room size 13, solution found
medium-155.in, room size 14, solution found
medium-155.in, room size 15, solution found
medium-155.in, room size 16, solution found
medium-155.in, room size 17, solution found
medium-155.in, room size 18, solution found
medium-155.in, room size 19, solution found
medium-155.in, room size 20, solution found
medium-155.in 220.79000000000002
 
-1021.0277481079102
medium-179.in, room size 1, no solution
medium-179.in, room size 2, no solution
medium-179.in, room size 3, no solution
medium-179.in, room size 4, no solution
medium-179.in, room size 5, solution found
medium-179.in, room size 6, solution found
medium-179.in, room size 7, solution found
